mode: set
notification/api/server/notificationinternal/notificationinternal.pb.go:29.31,31.29 2 0
notification/api/server/notificationinternal/notificationinternal.pb.go:31.29,35.3 3 0
notification/api/server/notificationinternal/notificationinternal.pb.go:38.39,40.2 1 0
notification/api/server/notificationinternal/notificationinternal.pb.go:42.37,42.38 0 0
notification/api/server/notificationinternal/notificationinternal.pb.go:44.59,46.41 2 0
notification/api/server/notificationinternal/notificationinternal.pb.go:46.41,48.34 2 0
notification/api/server/notificationinternal/notificationinternal.pb.go:48.34,50.4 1 0
notification/api/server/notificationinternal/notificationinternal.pb.go:51.3,51.12 1 0
notification/api/server/notificationinternal/notificationinternal.pb.go:53.2,53.24 1 0
notification/api/server/notificationinternal/notificationinternal.pb.go:57.50,59.2 1 0
notification/api/server/notificationinternal/notificationinternal.pb.go:69.32,71.29 2 0
notification/api/server/notificationinternal/notificationinternal.pb.go:71.29,75.3 3 0
notification/api/server/notificationinternal/notificationinternal.pb.go:78.40,80.2 1 0
notification/api/server/notificationinternal/notificationinternal.pb.go:82.38,82.39 0 0
notification/api/server/notificationinternal/notificationinternal.pb.go:84.60,86.41 2 0
notification/api/server/notificationinternal/notificationinternal.pb.go:86.41,88.34 2 0
notification/api/server/notificationinternal/notificationinternal.pb.go:88.34,90.4 1 0
notification/api/server/notificationinternal/notificationinternal.pb.go:91.3,91.12 1 0
notification/api/server/notificationinternal/notificationinternal.pb.go:93.2,93.24 1 0
notification/api/server/notificationinternal/notificationinternal.pb.go:97.51,99.2 1 0
notification/api/server/notificationinternal/notificationinternal.pb.go:101.44,102.14 1 0
notification/api/server/notificationinternal/notificationinternal.pb.go:102.14,104.3 1 0
notification/api/server/notificationinternal/notificationinternal.pb.go:105.2,105.11 1 0
notification/api/server/notificationinternal/notificationinternal.pb.go:132.91,133.88 1 0
notification/api/server/notificationinternal/notificationinternal.pb.go:133.88,135.3 1 0
notification/api/server/notificationinternal/notificationinternal.pb.go:136.2,136.84 1 0
notification/api/server/notificationinternal/notificationinternal.pb.go:154.13,154.87 1 0
notification/api/server/notificationinternal/notificationinternal.pb.go:155.77,156.76 1 0
notification/api/server/notificationinternal/notificationinternal.pb.go:156.76,158.3 1 0
notification/api/server/notificationinternal/notificationinternal.pb.go:159.2,159.30 1 0
notification/api/server/notificationinternal/notificationinternal.pb.go:159.30,160.129 1 0
notification/api/server/notificationinternal/notificationinternal.pb.go:160.129,161.36 1 0
notification/api/server/notificationinternal/notificationinternal.pb.go:162.11,163.20 1 0
notification/api/server/notificationinternal/notificationinternal.pb.go:164.11,165.24 1 0
notification/api/server/notificationinternal/notificationinternal.pb.go:166.11,167.28 1 0
notification/api/server/notificationinternal/notificationinternal.pb.go:168.12,169.15 1 0
notification/api/server/notificationinternal/notificationinternal.pb.go:172.3,172.129 1 0
notification/api/server/notificationinternal/notificationinternal.pb.go:172.129,173.37 1 0
notification/api/server/notificationinternal/notificationinternal.pb.go:174.11,175.20 1 0
notification/api/server/notificationinternal/notificationinternal.pb.go:176.11,177.24 1 0
notification/api/server/notificationinternal/notificationinternal.pb.go:178.11,179.28 1 0
notification/api/server/notificationinternal/notificationinternal.pb.go:180.12,181.15 1 0
notification/api/server/notificationinternal/notificationinternal.pb.go:185.2,202.79 6 0
notification/api/server/notificationinternal/notificationinternal_grpc.pb.go:32.106,34.2 1 0
notification/api/server/notificationinternal/notificationinternal_grpc.pb.go:36.136,39.16 3 0
notification/api/server/notificationinternal/notificationinternal_grpc.pb.go:39.16,41.3 1 0
notification/api/server/notificationinternal/notificationinternal_grpc.pb.go:42.2,42.17 1 0
notification/api/server/notificationinternal/notificationinternal_grpc.pb.go:56.114,58.2 1 0
notification/api/server/notificationinternal/notificationinternal_grpc.pb.go:67.112,69.2 1 0
notification/api/server/notificationinternal/notificationinternal_grpc.pb.go:71.177,73.32 2 0
notification/api/server/notificationinternal/notificationinternal_grpc.pb.go:73.32,75.3 1 0
notification/api/server/notificationinternal/notificationinternal_grpc.pb.go:76.2,76.24 1 0
notification/api/server/notificationinternal/notificationinternal_grpc.pb.go:76.24,78.3 1 0
notification/api/server/notificationinternal/notificationinternal_grpc.pb.go:79.2,83.77 2 0
notification/api/server/notificationinternal/notificationinternal_grpc.pb.go:83.77,85.3 1 0
notification/api/server/notificationinternal/notificationinternal_grpc.pb.go:86.2,86.44 1 0
notification/api/client/testinternal/testinternal.pb.go:29.31,31.29 2 0
notification/api/client/testinternal/testinternal.pb.go:31.29,35.3 3 0
notification/api/client/testinternal/testinternal.pb.go:38.39,40.2 1 0
notification/api/client/testinternal/testinternal.pb.go:42.37,42.38 0 0
notification/api/client/testinternal/testinternal.pb.go:44.59,46.41 2 0
notification/api/client/testinternal/testinternal.pb.go:46.41,48.34 2 0
notification/api/client/testinternal/testinternal.pb.go:48.34,50.4 1 0
notification/api/client/testinternal/testinternal.pb.go:51.3,51.12 1 0
notification/api/client/testinternal/testinternal.pb.go:53.2,53.24 1 0
notification/api/client/testinternal/testinternal.pb.go:57.50,59.2 1 0
notification/api/client/testinternal/testinternal.pb.go:69.32,71.29 2 0
notification/api/client/testinternal/testinternal.pb.go:71.29,75.3 3 0
notification/api/client/testinternal/testinternal.pb.go:78.40,80.2 1 0
notification/api/client/testinternal/testinternal.pb.go:82.38,82.39 0 0
notification/api/client/testinternal/testinternal.pb.go:84.60,86.41 2 0
notification/api/client/testinternal/testinternal.pb.go:86.41,88.34 2 0
notification/api/client/testinternal/testinternal.pb.go:88.34,90.4 1 0
notification/api/client/testinternal/testinternal.pb.go:91.3,91.12 1 0
notification/api/client/testinternal/testinternal.pb.go:93.2,93.24 1 0
notification/api/client/testinternal/testinternal.pb.go:97.51,99.2 1 0
notification/api/client/testinternal/testinternal.pb.go:101.44,102.14 1 0
notification/api/client/testinternal/testinternal.pb.go:102.14,104.3 1 0
notification/api/client/testinternal/testinternal.pb.go:105.2,105.11 1 0
notification/api/client/testinternal/testinternal.pb.go:131.75,132.72 1 0
notification/api/client/testinternal/testinternal.pb.go:132.72,134.3 1 0
notification/api/client/testinternal/testinternal.pb.go:135.2,135.68 1 0
notification/api/client/testinternal/testinternal.pb.go:153.13,153.71 1 0
notification/api/client/testinternal/testinternal.pb.go:154.61,155.60 1 0
notification/api/client/testinternal/testinternal.pb.go:155.60,157.3 1 0
notification/api/client/testinternal/testinternal.pb.go:158.2,158.30 1 0
notification/api/client/testinternal/testinternal.pb.go:158.30,159.113 1 0
notification/api/client/testinternal/testinternal.pb.go:159.113,160.36 1 0
notification/api/client/testinternal/testinternal.pb.go:161.11,162.20 1 0
notification/api/client/testinternal/testinternal.pb.go:163.11,164.24 1 0
notification/api/client/testinternal/testinternal.pb.go:165.11,166.28 1 0
notification/api/client/testinternal/testinternal.pb.go:167.12,168.15 1 0
notification/api/client/testinternal/testinternal.pb.go:171.3,171.113 1 0
notification/api/client/testinternal/testinternal.pb.go:171.113,172.37 1 0
notification/api/client/testinternal/testinternal.pb.go:173.11,174.20 1 0
notification/api/client/testinternal/testinternal.pb.go:175.11,176.24 1 0
notification/api/client/testinternal/testinternal.pb.go:177.11,178.28 1 0
notification/api/client/testinternal/testinternal.pb.go:179.12,180.15 1 0
notification/api/client/testinternal/testinternal.pb.go:184.2,201.63 6 0
notification/api/client/testinternal/testinternal_grpc.pb.go:32.90,34.2 1 0
notification/api/client/testinternal/testinternal_grpc.pb.go:36.128,39.16 3 0
notification/api/client/testinternal/testinternal_grpc.pb.go:39.16,41.3 1 0
notification/api/client/testinternal/testinternal_grpc.pb.go:42.2,42.17 1 0
notification/api/client/testinternal/testinternal_grpc.pb.go:56.106,58.2 1 0
notification/api/client/testinternal/testinternal_grpc.pb.go:67.96,69.2 1 0
notification/api/client/testinternal/testinternal_grpc.pb.go:71.169,73.32 2 0
notification/api/client/testinternal/testinternal_grpc.pb.go:73.32,75.3 1 0
notification/api/client/testinternal/testinternal_grpc.pb.go:76.2,76.24 1 0
notification/api/client/testinternal/testinternal_grpc.pb.go:76.24,78.3 1 0
notification/api/client/testinternal/testinternal_grpc.pb.go:79.2,83.77 2 0
notification/api/client/testinternal/testinternal_grpc.pb.go:83.77,85.3 1 0
notification/api/client/testinternal/testinternal_grpc.pb.go:86.2,86.44 1 0
notification/pkg/domain/model/event.go:11.41,13.2 1 0
notification/pkg/domain/model/event.go:21.43,23.2 1 0
notification/pkg/domain/service/notification.go:18.105,23.2 1 0
notification/pkg/domain/service/notification.go:30.85,37.2 2 0
notification/pkg/domain/service/notification.go:39.99,41.16 2 0
notification/pkg/domain/service/notification.go:41.16,44.3 2 0
notification/pkg/domain/service/notification.go:46.2,54.50 3 0
notification/pkg/domain/service/notification.go:54.50,59.3 2 0
notification/pkg/domain/service/notification.go:61.2,68.12 3 0
notification/cmd/notification/config.go:11.34,13.52 2 0
notification/cmd/notification/config.go:13.52,15.3 1 0
notification/cmd/notification/config.go:16.2,16.15 1 0
notification/cmd/notification/config.go:34.36,44.2 1 0
notification/cmd/notification/connectionscontainer.go:18.40,19.14 1 0
notification/cmd/notification/connectionscontainer.go:19.14,21.3 1 0
notification/cmd/notification/connectionscontainer.go:24.37,26.30 2 0
notification/cmd/notification/connectionscontainer.go:26.30,27.35 1 0
notification/cmd/notification/connectionscontainer.go:27.35,29.4 1 0
notification/cmd/notification/connectionscontainer.go:31.2,31.20 1 0
notification/cmd/notification/connectionscontainer.go:31.20,33.3 1 0
notification/cmd/notification/connectionscontainer.go:35.2,35.29 1 0
notification/cmd/notification/connectionscontainer.go:42.48,43.35 1 0
notification/cmd/notification/connectionscontainer.go:43.35,47.17 3 0
notification/cmd/notification/connectionscontainer.go:47.17,49.4 1 0
notification/cmd/notification/connectionscontainer.go:50.3,52.65 2 0
notification/cmd/notification/connectionscontainer.go:52.65,54.4 1 0
notification/cmd/notification/connectionscontainer.go:55.3,64.17 5 0
notification/cmd/notification/connectionscontainer.go:64.17,66.4 1 0
notification/cmd/notification/connectionscontainer.go:68.3,71.13 3 0
notification/cmd/notification/connectionscontainer.go:74.2,74.38 1 0
notification/cmd/notification/connectionscontainer.go:82.54,84.29 2 0
notification/cmd/notification/connectionscontainer.go:84.29,86.3 1 0
notification/cmd/notification/connectionscontainer.go:87.2,89.15 2 0
notification/cmd/notification/connectionscontainer.go:89.15,90.17 1 0
notification/cmd/notification/connectionscontainer.go:90.17,92.4 1 0
notification/cmd/notification/connectionscontainer.go:95.2,95.16 1 0
notification/cmd/notification/dependencycontainer.go:10.33,14.2 1 0
notification/cmd/notification/main.go:19.13,24.16 4 0
notification/cmd/notification/main.go:24.16,26.3 1 0
notification/cmd/notification/main.go:27.2,28.16 2 0
notification/cmd/notification/main.go:28.16,30.3 1 0
notification/cmd/notification/main.go:32.2,33.27 2 0
notification/cmd/notification/main.go:34.11,35.32 1 0
notification/cmd/notification/main.go:36.10,37.20 1 0
notification/cmd/notification/main.go:45.15,47.15 2 0
notification/cmd/notification/main.go:47.15,48.50 1 0
notification/cmd/notification/main.go:48.50,50.18 2 0
notification/cmd/notification/main.go:50.18,52.5 1 0
notification/cmd/notification/main.go:56.2,64.37 2 0
notification/cmd/notification/main.go:67.52,69.16 2 0
notification/cmd/notification/main.go:69.16,71.3 1 0
notification/cmd/notification/main.go:73.2,79.20 4 0
notification/cmd/notification/migrator.go:23.16,27.38 1 0
notification/cmd/notification/migrator.go:27.38,29.18 2 0
notification/cmd/notification/migrator.go:29.18,31.5 1 0
notification/cmd/notification/migrator.go:33.4,33.67 1 0
notification/cmd/notification/migrator.go:33.67,35.5 1 0
notification/cmd/notification/migrator.go:37.4,38.14 2 0
notification/cmd/notification/migrator.go:43.62,45.16 2 0
notification/cmd/notification/migrator.go:45.16,47.3 1 0
notification/cmd/notification/migrator.go:49.2,49.51 1 0
notification/cmd/notification/migrator.go:49.51,51.3 1 0
notification/cmd/notification/migrator.go:53.2,54.16 2 0
notification/cmd/notification/migrator.go:54.16,56.3 1 0
notification/cmd/notification/migrator.go:58.2,59.16 2 0
notification/cmd/notification/migrator.go:59.16,61.3 1 0
notification/cmd/notification/migrator.go:63.2,64.16 2 0
notification/cmd/notification/migrator.go:64.16,66.3 1 0
notification/cmd/notification/migrator.go:67.2,69.71 2 0
notification/cmd/notification/migrator.go:69.71,71.3 1 0
notification/cmd/notification/migrator.go:73.2,73.12 1 0
notification/cmd/notification/service.go:23.16,27.38 1 0
notification/cmd/notification/service.go:27.38,29.18 2 0
notification/cmd/notification/service.go:29.18,31.5 1 0
notification/cmd/notification/service.go:33.4,34.18 2 0
notification/cmd/notification/service.go:34.18,36.5 1 0
notification/cmd/notification/service.go:37.4,37.64 1 0
notification/cmd/notification/service.go:47.9,54.16 4 0
notification/cmd/notification/service.go:54.16,56.3 1 0
notification/cmd/notification/service.go:57.2,60.12 3 0
notification/cmd/notification/service.go:60.12,62.3 1 0
notification/cmd/notification/service.go:64.2,64.9 1 0
notification/cmd/notification/service.go:65.22,66.13 1 0
notification/cmd/notification/service.go:67.20,70.13 3 0
notification/cmd/notification/service.go:74.66,76.12 2 0
notification/cmd/notification/service.go:76.12,79.3 2 0
notification/cmd/notification/service.go:81.2,81.9 1 0
notification/cmd/notification/service.go:82.14,83.49 1 0
notification/cmd/notification/service.go:84.37,86.16 2 0
notification/cmd/notification/service.go:90.79,93.137 3 0
notification/cmd/notification/service.go:93.137,96.3 2 0
notification/pkg/infrastructure/transport/erorrs.go:12.42,14.27 2 0
notification/pkg/infrastructure/transport/erorrs.go:14.27,16.3 1 0
notification/pkg/infrastructure/transport/erorrs.go:17.2,17.10 1 0
notification/pkg/infrastructure/transport/erorrs.go:20.39,23.2 2 0
notification/pkg/infrastructure/transport/erorrs.go:36.40,39.9 2 0
notification/pkg/infrastructure/transport/erorrs.go:40.20,41.18 1 0
notification/pkg/infrastructure/transport/erorrs.go:42.32,43.31 1 0
notification/pkg/infrastructure/transport/erorrs.go:44.30,45.24 1 0
notification/pkg/infrastructure/transport/erorrs.go:46.34,47.31 1 0
notification/pkg/infrastructure/transport/erorrs.go:48.38,49.32 1 0
notification/pkg/infrastructure/transport/erorrs.go:50.30,51.24 1 0
notification/pkg/infrastructure/transport/erorrs.go:54.2,54.15 1 0
notification/pkg/infrastructure/transport/erorrs.go:55.32,56.32 1 0
notification/pkg/infrastructure/transport/erorrs.go:57.24,58.24 1 0
notification/pkg/infrastructure/transport/erorrs.go:59.10,60.23 1 0
notification/pkg/infrastructure/transport/erorrs.go:64.34,65.26 1 0
notification/pkg/infrastructure/transport/erorrs.go:72.25,73.14 1 0
notification/pkg/infrastructure/transport/erorrs.go:74.10,75.15 1 0
notification/pkg/infrastructure/transport/erorrs.go:79.42,81.2 1 0
notification/pkg/infrastructure/transport/erorrs.go:83.40,85.2 1 0
notification/pkg/infrastructure/transport/erorrs.go:87.44,89.2 1 0
notification/pkg/infrastructure/transport/erorrs.go:91.48,93.2 1 0
notification/pkg/infrastructure/transport/erorrs.go:95.40,97.2 1 0
notification/pkg/infrastructure/transport/internal.go:9.61,11.2 1 0
notification/pkg/infrastructure/transport/internal.go:16.94,20.2 1 0
notification/pkg/infrastructure/transport/logger.go:16.63,17.16 1 0
notification/pkg/infrastructure/transport/logger.go:17.16,19.3 1 0
notification/pkg/infrastructure/transport/logger.go:21.2,21.40 1 0
notification/pkg/infrastructure/transport/logger.go:21.40,23.3 1 0
notification/pkg/infrastructure/transport/logger.go:25.2,25.52 1 0
notification/pkg/infrastructure/transport/logger.go:28.82,29.137 1 0
notification/pkg/infrastructure/transport/logger.go:29.137,41.17 6 0
notification/pkg/infrastructure/transport/logger.go:41.17,43.4 1 0
notification/pkg/infrastructure/transport/logger.go:43.9,44.24 1 0
notification/pkg/infrastructure/transport/logger.go:44.24,46.5 1 0
notification/pkg/infrastructure/transport/logger.go:46.10,48.5 1 0
notification/pkg/infrastructure/transport/logger.go:50.3,50.19 1 0
